  Generating tool_hugehelp.c
  Building Custom Rule C:/Users/hanky.DESKTOP-AFRKBFD/source/repos/infamous/includes/CURL/curl-8.6.0/curl-8.6.0/src/CMakeLists.txt
  slist_wc.c
  tool_binmode.c
  tool_bname.c
  tool_cb_dbg.c
  tool_cb_hdr.c
  tool_cb_prg.c
  tool_cb_rea.c
  tool_cb_see.c
  tool_cb_wrt.c
  tool_cfgable.c
  tool_dirhie.c
  tool_doswin.c
  tool_easysrc.c
  tool_filetime.c
  tool_findfile.c
  tool_formparse.c
  tool_getparam.c
  tool_getpass.c
  tool_help.c
  tool_helpers.c
  tool_hugehelp.c
  tool_ipfs.c
  tool_libinfo.c
  tool_listhelp.c
  tool_main.c
  tool_msgs.c
  tool_operate.c
  tool_operhlp.c
  tool_paramhlp.c
  tool_parsecfg.c
  tool_progress.c
  tool_setopt.c
  tool_sleep.c
  tool_stderr.c
  tool_strdup.c
  tool_urlglob.c
  tool_util.c
  tool_vms.c
  tool_writeout.c
  tool_writeout_json.c
  tool_xattr.c
  var.c
  base64.c
  curl_multibyte.c
  dynbuf.c
  nonblock.c
  strtoofft.c
  timediff.c
  version_win32.c
  warnless.c
  curl.vcxproj -> C:\Users\hanky.DESKTOP-AFRKBFD\source\repos\infamous\includes\CURL\curl-8.6.0\curl-8.6.0\src\Release\curl.exe
